<?xml version="1.0" encoding="UTF-8"?>
<!-- Generated by org.testng.reporters.JUnitXMLReporter -->
<testsuite hostname="Mds-MacBook-Air.local" failures="0" tests="1" name="Shopping" time="0.113" errors="0" timestamp="7 Jun 2020 23:51:21 GMT">
  <testcase classname="com.talentech.seleniumscripts.ShoppingTest" name="@BeforeMethod setUp" time="0.0">
    <failure type="java.lang.IllegalStateException" message="The driver is not executable: /Users/mdsalahuddin/eclipse-EE/SeleniumProjectWeek3/Driver/chromedriver.exe">
      <![CDATA[java.lang.IllegalStateException: The driver is not executable: /Users/mdsalahuddin/eclipse-EE/SeleniumProjectWeek3/Driver/chromedriver.exe
	at com.google.common.base.Preconditions.checkState(Preconditions.java:585)
	at org.openqa.selenium.remote.service.DriverService.checkExecutable(DriverService.java:140)
	at org.openqa.selenium.remote.service.DriverService.findExecutable(DriverService.java:131)
	at org.openqa.selenium.chrome.ChromeDriverService.access$000(ChromeDriverService.java:32)
	at org.openqa.selenium.chrome.ChromeDriverService$Builder.findDefaultExecutable(ChromeDriverService.java:137)
	at org.openqa.selenium.remote.service.DriverService$Builder.build(DriverService.java:339)
	at org.openqa.selenium.chrome.ChromeDriverService.createDefaultService(ChromeDriverService.java:88)
	at org.openqa.selenium.chrome.ChromeDriver.<init>(ChromeDriver.java:123)
	at com.talentech.seleniumscripts.ShoppingTest.setUp(ShoppingTest.java:29)
... Removed 35 stack frames]]>
    </failure>
  </testcase> <!-- @BeforeMethod setUp -->
  <testcase classname="com.talentech.seleniumscripts.ShoppingTest" name="@AfterMethod tearDown" time="0.0">
    <skipped/>
  </testcase> <!-- @AfterMethod tearDown -->
  <testcase classname="com.talentech.seleniumscripts.ShoppingTest" name="testCardShopping" time="0.001">
    <skipped/>
  </testcase> <!-- testCardShopping -->
</testsuite> <!-- Shopping -->
