<?xml version="1.0" encoding="UTF-8"?>
<!-- Generated by org.testng.reporters.JUnitXMLReporter -->
<testsuite hostname="Mds-MacBook-Air.local" failures="0" tests="1" name="Login and Update Profile Test" time="0.266" errors="0" timestamp="9 Jun 2020 00:54:51 GMT">
  <testcase classname="com.cigna.runner.TestRunner" name="@BeforeClass setUpClass" time="0.0">
    <failure type="cucumber.runtime.CucumberException" message="java.util.regex.PatternSyntaxException: Illegal repetition near index 14
User opens URL {string}
              ^">
      <![CDATA[cucumber.runtime.CucumberException: java.util.regex.PatternSyntaxException: Illegal repetition near index 14
User opens URL {string}
              ^
	at cucumber.runtime.java.JavaBackend.addStepDefinition(JavaBackend.java:156)
	at cucumber.runtime.java.MethodScanner.scan(MethodScanner.java:68)
	at cucumber.runtime.java.MethodScanner.scan(MethodScanner.java:41)
	at cucumber.runtime.java.JavaBackend.loadGlue(JavaBackend.java:86)
	at cucumber.runtime.Runtime.<init>(Runtime.java:92)
	at cucumber.runtime.Runtime.<init>(Runtime.java:70)
	at cucumber.runtime.Runtime.<init>(Runtime.java:66)
	at cucumber.api.testng.TestNGCucumberRunner.<init>(TestNGCucumberRunner.java:42)
	at com.cigna.runner.TestRunner.setUpClass(TestRunner.java:28)
	at java.base/java.util.concurrent.FutureTask.run(FutureTask.java:264)
	at java.base/java.util.concurrent.ThreadPoolExecutor.runWorker(ThreadPoolExecutor.java:1128)
	at java.base/java.util.concurrent.ThreadPoolExecutor$Worker.run(ThreadPoolExecutor.java:628)
	at java.base/java.lang.Thread.run(Thread.java:834)
Caused by: java.util.regex.PatternSyntaxException: Illegal repetition near index 14
User opens URL {string}
              ^
	at java.base/java.util.regex.Pattern.error(Pattern.java:2027)
	at java.base/java.util.regex.Pattern.closure(Pattern.java:3320)
	at java.base/java.util.regex.Pattern.sequence(Pattern.java:2213)
	at java.base/java.util.regex.Pattern.expr(Pattern.java:2068)
	at java.base/java.util.regex.Pattern.compile(Pattern.java:1782)
	at java.base/java.util.regex.Pattern.<init>(Pattern.java:1428)
	at java.base/java.util.regex.Pattern.compile(Pattern.java:1068)
	at cucumber.runtime.java.JavaBackend.pattern(JavaBackend.java:203)
	at cucumber.runtime.java.JavaBackend.addStepDefinition(JavaBackend.java:151)
	... 28 more
... Removed 16 stack frames]]>
    </failure>
  </testcase> <!-- @BeforeClass setUpClass -->
  <testcase classname="com.cigna.runner.TestRunner" name="@AfterClass tearDownClass" time="0.0">
    <failure type="java.lang.NullPointerException">
      <![CDATA[java.lang.NullPointerException
	at com.cigna.runner.TestRunner.tearDownClass(TestRunner.java:43)
	at java.base/java.util.concurrent.FutureTask.run(FutureTask.java:264)
	at java.base/java.util.concurrent.ThreadPoolExecutor.runWorker(ThreadPoolExecutor.java:1128)
	at java.base/java.util.concurrent.ThreadPoolExecutor$Worker.run(ThreadPoolExecutor.java:628)
	at java.base/java.lang.Thread.run(Thread.java:834)
... Removed 16 stack frames]]>
    </failure>
  </testcase> <!-- @AfterClass tearDownClass -->
  <testcase classname="com.cigna.runner.TestRunner" name="feature" time="0.0">
    <skipped/>
  </testcase> <!-- feature -->
</testsuite> <!-- Login and Update Profile Test -->
